Loading rhel8/default-amp
  Loading requirement: dot rhel8/slurm singularity/current rhel8/global
    cuda/11.4 libpciaccess/0.16/gcc-9.4.0-6fonbj6
    libiconv/1.16/gcc-9.4.0-ahebbov libxml2/2.9.12/gcc-9.4.0-gnknt5e
    ncurses/6.2/gcc-9.4.0-aiirok7 hwloc/2.5.0/gcc-9.4.0-7sqomga
    libevent/2.1.12/gcc-9.4.0-hgny7cm numactl/2.0.14/gcc-9.4.0-52dwc6n
    cuda/11.4.0/gcc-9.4.0-3hnxhjt gdrcopy/2.2/gcc-9.4.0-e4igtfp
    knem/1.1.4/gcc-9.4.0-bpbxgva libnl/3.3.0/gcc-9.4.0-whwhrwb
    rdma-core/34.0/gcc-9.4.0-5eo5n2u ucx/1.11.1/gcc-9.4.0-lktqyl4
    openmpi/4.1.1/gcc-9.4.0-epagguv
Changed directory to /rds/user/ar2217/hpc-work/L65/clrs-ls65.

JobID: 0
======
Time: Mon Feb 19 22:15:59 GMT 2024
Running on master node: gpu-q-1
Current directory: /rds/user/ar2217/hpc-work/L65/clrs-ls65

Nodes allocated:
================
gpu-q-1

numtasks=1, numnodes=1, mpi_tasks_per_node=1 (OMP_NUM_THREADS=1)

Executing command:
==================
python -m clrs.examples.run --checkpoint_path ./checkpoints/0 --processor_type mpnn_l2 --regularisation_weight 0.0 --checkpoint_path /tmp/CLRS30/0 --dataset_path /tmp/CLRS30/0 > logs/out.0

2024-02-19 22:16:00.995103: E external/local_xla/xla/stream_executor/cuda/cuda_dnn.cc:9261] Unable to register cuDNN factory: Attempting to register factory for plugin cuDNN when one has already been registered
2024-02-19 22:16:00.995181: E external/local_xla/xla/stream_executor/cuda/cuda_fft.cc:607] Unable to register cuFFT factory: Attempting to register factory for plugin cuFFT when one has already been registered
2024-02-19 22:16:00.996066: E external/local_xla/xla/stream_executor/cuda/cuda_blas.cc:1515] Unable to register cuBLAS factory: Attempting to register factory for plugin cuBLAS when one has already been registered
2024-02-19 22:16:02.597127: W tensorflow/compiler/tf2tensorrt/utils/py_utils.cc:38] TF-TRT Warning: Could not find TensorRT
I0219 22:16:06.917690 23150276989056 xla_bridge.py:660] Unable to initialize backend 'cuda': Found cuSOLVER version 11200, but JAX was built against version 11401, which is newer. The copy of cuSOLVER that is installed must be at least as new as the version against which JAX was built.
I0219 22:16:06.918126 23150276989056 xla_bridge.py:660] Unable to initialize backend 'rocm': NOT_FOUND: Could not find registered platform with name: "rocm". Available platform names are: CUDA
I0219 22:16:06.918806 23150276989056 xla_bridge.py:660] Unable to initialize backend 'tpu': INTERNAL: Failed to open libtpu.so: libtpu.so: cannot open shared object file: No such file or directory
W0219 22:16:06.918924 23150276989056 xla_bridge.py:724] CUDA backend failed to initialize: Found cuSOLVER version 11200, but JAX was built against version 11401, which is newer. The copy of cuSOLVER that is installed must be at least as new as the version against which JAX was built. (Set TF_CPP_MIN_LOG_LEVEL=0 and rerun for more info.)
I0219 22:16:07.130638 23150276989056 run.py:314] Creating samplers for algo bfs
W0219 22:16:07.131226 23150276989056 samplers.py:277] Ignoring kwargs {'length_needle'} when building sampler class <class 'clrs._src.samplers.BfsSampler'>
W0219 22:16:07.131502 23150276989056 samplers.py:100] Sampling dataset on-the-fly, unlimited samples.
W0219 22:16:07.326625 23150276989056 samplers.py:277] Ignoring kwargs {'length_needle'} when building sampler class <class 'clrs._src.samplers.BfsSampler'>
W0219 22:16:07.326867 23150276989056 samplers.py:100] Sampling dataset on-the-fly, unlimited samples.
W0219 22:16:07.544041 23150276989056 samplers.py:277] Ignoring kwargs {'length_needle'} when building sampler class <class 'clrs._src.samplers.BfsSampler'>
W0219 22:16:07.544291 23150276989056 samplers.py:100] Sampling dataset on-the-fly, unlimited samples.
W0219 22:16:07.813832 23150276989056 samplers.py:277] Ignoring kwargs {'length_needle'} when building sampler class <class 'clrs._src.samplers.BfsSampler'>
W0219 22:16:07.814087 23150276989056 samplers.py:100] Sampling dataset on-the-fly, unlimited samples.
W0219 22:16:08.122289 23150276989056 samplers.py:277] Ignoring kwargs {'length_needle'} when building sampler class <class 'clrs._src.samplers.BfsSampler'>
W0219 22:16:08.122559 23150276989056 samplers.py:100] Sampling dataset on-the-fly, unlimited samples.
W0219 22:16:08.494552 23150276989056 samplers.py:277] Ignoring kwargs {'length_needle'} when building sampler class <class 'clrs._src.samplers.BfsSampler'>
I0219 22:16:08.494800 23150276989056 samplers.py:112] Creating a dataset with 64 samples.
I0219 22:16:08.520460 23150276989056 run.py:171] Dataset found at /tmp/CLRS30/0/CLRS30_v1.0.0. Skipping download.
I0219 22:16:08.520993 23150276989056 dataset_info.py:482] Load dataset info from /tmp/CLRS30/0/CLRS30_v1.0.0/clrs_dataset/bfs_test/1.0.0
I0219 22:16:08.522472 23150276989056 dataset_info.py:482] Load dataset info from /tmp/CLRS30/0/CLRS30_v1.0.0/clrs_dataset/bfs_test/1.0.0
I0219 22:16:08.522979 23150276989056 dataset_builder.py:366] Reusing dataset clrs_dataset (/tmp/CLRS30/0/CLRS30_v1.0.0/clrs_dataset/bfs_test/1.0.0)
I0219 22:16:08.523070 23150276989056 logging_logger.py:44] Constructing tf.data.Dataset clrs_dataset for split test, from /tmp/CLRS30/0/CLRS30_v1.0.0/clrs_dataset/bfs_test/1.0.0
I0219 22:16:18.794115 23150276989056 run.py:488] Algo bfs step 0 current loss 2.806006, current_train_items 32.
I0219 22:16:19.359937 23150276989056 run.py:508] (val) algo bfs step 0: {'pi': 0.595703125, 'score': 0.595703125, 'examples_seen': 32, 'step': 0, 'algorithm': 'bfs'}
I0219 22:16:19.360179 23150276989056 run.py:524] Checkpointing best model, best avg val score was -1.000, current avg val score is 0.596, val scores are: bfs: 0.596
I0219 22:16:26.389937 23150276989056 run.py:488] Algo bfs step 1 current loss 2.388057, current_train_items 64.
I0219 22:16:33.621145 23150276989056 run.py:488] Algo bfs step 2 current loss 2.129044, current_train_items 96.
I0219 22:16:40.873326 23150276989056 run.py:488] Algo bfs step 3 current loss 2.151893, current_train_items 128.
I0219 22:16:47.729054 23150276989056 run.py:488] Algo bfs step 4 current loss 1.831398, current_train_items 160.
I0219 22:16:47.762018 23150276989056 run.py:488] Algo bfs step 5 current loss 0.704504, current_train_items 192.
I0219 22:16:47.864618 23150276989056 run.py:488] Algo bfs step 6 current loss 0.997817, current_train_items 224.
I0219 22:16:48.090796 23150276989056 run.py:488] Algo bfs step 7 current loss 1.048107, current_train_items 256.
I0219 22:16:48.353551 23150276989056 run.py:488] Algo bfs step 8 current loss 1.047918, current_train_items 288.
I0219 22:16:48.678299 23150276989056 run.py:488] Algo bfs step 9 current loss 1.312654, current_train_items 320.
I0219 22:16:48.709238 23150276989056 run.py:488] Algo bfs step 10 current loss 0.419646, current_train_items 352.
I0219 22:16:48.812052 23150276989056 run.py:488] Algo bfs step 11 current loss 0.656172, current_train_items 384.
I0219 22:16:49.043742 23150276989056 run.py:488] Algo bfs step 12 current loss 0.777799, current_train_items 416.
I0219 22:16:49.307515 23150276989056 run.py:488] Algo bfs step 13 current loss 0.859412, current_train_items 448.
I0219 22:16:49.622747 23150276989056 run.py:488] Algo bfs step 14 current loss 1.017056, current_train_items 480.
I0219 22:16:49.653527 23150276989056 run.py:488] Algo bfs step 15 current loss 0.270512, current_train_items 512.
I0219 22:16:49.756986 23150276989056 run.py:488] Algo bfs step 16 current loss 0.533370, current_train_items 544.
I0219 22:16:49.983609 23150276989056 run.py:488] Algo bfs step 17 current loss 0.526701, current_train_items 576.
I0219 22:16:50.246552 23150276989056 run.py:488] Algo bfs step 18 current loss 0.637873, current_train_items 608.
I0219 22:16:50.566454 23150276989056 run.py:488] Algo bfs step 19 current loss 0.578926, current_train_items 640.
I0219 22:16:50.597241 23150276989056 run.py:488] Algo bfs step 20 current loss 0.175609, current_train_items 672.
I0219 22:16:50.700154 23150276989056 run.py:488] Algo bfs step 21 current loss 0.372186, current_train_items 704.
I0219 22:16:50.931055 23150276989056 run.py:488] Algo bfs step 22 current loss 0.607823, current_train_items 736.
I0219 22:16:51.202506 23150276989056 run.py:488] Algo bfs step 23 current loss 0.588204, current_train_items 768.
I0219 22:16:51.524390 23150276989056 run.py:488] Algo bfs step 24 current loss 0.534163, current_train_items 800.
I0219 22:16:51.554981 23150276989056 run.py:488] Algo bfs step 25 current loss 0.126190, current_train_items 832.
I0219 22:16:51.657414 23150276989056 run.py:488] Algo bfs step 26 current loss 0.320422, current_train_items 864.
I0219 22:16:51.883649 23150276989056 run.py:488] Algo bfs step 27 current loss 0.461014, current_train_items 896.
I0219 22:16:52.140559 23150276989056 run.py:488] Algo bfs step 28 current loss 0.544881, current_train_items 928.
I0219 22:16:52.457590 23150276989056 run.py:488] Algo bfs step 29 current loss 0.425664, current_train_items 960.
I0219 22:16:52.488150 23150276989056 run.py:488] Algo bfs step 30 current loss 0.087803, current_train_items 992.
I0219 22:16:52.590142 23150276989056 run.py:488] Algo bfs step 31 current loss 0.216099, current_train_items 1024.
I0219 22:16:52.816846 23150276989056 run.py:488] Algo bfs step 32 current loss 0.277004, current_train_items 1056.
I0219 22:16:53.083737 23150276989056 run.py:488] Algo bfs step 33 current loss 0.288583, current_train_items 1088.
I0219 22:16:53.410044 23150276989056 run.py:488] Algo bfs step 34 current loss 0.515390, current_train_items 1120.
I0219 22:16:53.441777 23150276989056 run.py:488] Algo bfs step 35 current loss 0.072302, current_train_items 1152.
I0219 22:16:53.545213 23150276989056 run.py:488] Algo bfs step 36 current loss 0.163635, current_train_items 1184.
I0219 22:16:53.773542 23150276989056 run.py:488] Algo bfs step 37 current loss 0.332162, current_train_items 1216.
I0219 22:16:54.033091 23150276989056 run.py:488] Algo bfs step 38 current loss 0.255954, current_train_items 1248.
I0219 22:16:54.344027 23150276989056 run.py:488] Algo bfs step 39 current loss 0.326445, current_train_items 1280.
I0219 22:16:54.375361 23150276989056 run.py:488] Algo bfs step 40 current loss 0.060458, current_train_items 1312.
I0219 22:16:54.478492 23150276989056 run.py:488] Algo bfs step 41 current loss 0.183006, current_train_items 1344.
I0219 22:16:54.709606 23150276989056 run.py:488] Algo bfs step 42 current loss 0.190219, current_train_items 1376.
I0219 22:16:54.972435 23150276989056 run.py:488] Algo bfs step 43 current loss 0.254631, current_train_items 1408.
I0219 22:16:55.296263 23150276989056 run.py:488] Algo bfs step 44 current loss 0.358678, current_train_items 1440.
I0219 22:16:55.326776 23150276989056 run.py:488] Algo bfs step 45 current loss 0.034385, current_train_items 1472.
I0219 22:16:55.429583 23150276989056 run.py:488] Algo bfs step 46 current loss 0.160701, current_train_items 1504.
I0219 22:16:55.655596 23150276989056 run.py:488] Algo bfs step 47 current loss 0.445336, current_train_items 1536.
I0219 22:16:55.909725 23150276989056 run.py:488] Algo bfs step 48 current loss 0.291744, current_train_items 1568.
I0219 22:16:56.229069 23150276989056 run.py:488] Algo bfs step 49 current loss 0.248545, current_train_items 1600.
I0219 22:16:56.259881 23150276989056 run.py:488] Algo bfs step 50 current loss 0.061199, current_train_items 1632.
I0219 22:16:56.332771 23150276989056 run.py:508] (val) algo bfs step 50: {'pi': 0.98046875, 'score': 0.98046875, 'examples_seen': 1632, 'step': 50, 'algorithm': 'bfs'}
I0219 22:16:56.332918 23150276989056 run.py:524] Checkpointing best model, best avg val score was 0.596, current avg val score is 0.980, val scores are: bfs: 0.980
I0219 22:16:56.441441 23150276989056 run.py:488] Algo bfs step 51 current loss 0.092453, current_train_items 1664.
I0219 22:16:56.664409 23150276989056 run.py:488] Algo bfs step 52 current loss 0.197129, current_train_items 1696.
I0219 22:16:56.910875 23150276989056 run.py:488] Algo bfs step 53 current loss 0.192916, current_train_items 1728.
I0219 22:16:57.225702 23150276989056 run.py:488] Algo bfs step 54 current loss 0.198532, current_train_items 1760.
I0219 22:16:57.256242 23150276989056 run.py:488] Algo bfs step 55 current loss 0.025682, current_train_items 1792.
I0219 22:16:57.358291 23150276989056 run.py:488] Algo bfs step 56 current loss 0.088562, current_train_items 1824.
I0219 22:16:57.587707 23150276989056 run.py:488] Algo bfs step 57 current loss 0.118497, current_train_items 1856.
I0219 22:16:57.850441 23150276989056 run.py:488] Algo bfs step 58 current loss 0.169798, current_train_items 1888.
I0219 22:16:58.176948 23150276989056 run.py:488] Algo bfs step 59 current loss 0.276037, current_train_items 1920.
I0219 22:16:58.208120 23150276989056 run.py:488] Algo bfs step 60 current loss 0.039834, current_train_items 1952.
I0219 22:16:58.310504 23150276989056 run.py:488] Algo bfs step 61 current loss 0.085262, current_train_items 1984.
I0219 22:16:58.542800 23150276989056 run.py:488] Algo bfs step 62 current loss 0.099548, current_train_items 2016.
I0219 22:16:58.806646 23150276989056 run.py:488] Algo bfs step 63 current loss 0.163840, current_train_items 2048.
I0219 22:16:59.137723 23150276989056 run.py:488] Algo bfs step 64 current loss 0.165036, current_train_items 2080.
I0219 22:16:59.169430 23150276989056 run.py:488] Algo bfs step 65 current loss 0.021459, current_train_items 2112.
I0219 22:16:59.271949 23150276989056 run.py:488] Algo bfs step 66 current loss 0.083650, current_train_items 2144.
I0219 22:16:59.496142 23150276989056 run.py:488] Algo bfs step 67 current loss 0.156162, current_train_items 2176.
I0219 22:16:59.754699 23150276989056 run.py:488] Algo bfs step 68 current loss 0.153865, current_train_items 2208.
I0219 22:17:00.065520 23150276989056 run.py:488] Algo bfs step 69 current loss 0.147820, current_train_items 2240.
I0219 22:17:00.096295 23150276989056 run.py:488] Algo bfs step 70 current loss 0.015898, current_train_items 2272.
I0219 22:17:00.199068 23150276989056 run.py:488] Algo bfs step 71 current loss 0.050741, current_train_items 2304.
I0219 22:17:00.417363 23150276989056 run.py:488] Algo bfs step 72 current loss 0.079526, current_train_items 2336.
I0219 22:17:00.675813 23150276989056 run.py:488] Algo bfs step 73 current loss 0.129121, current_train_items 2368.
I0219 22:17:00.990435 23150276989056 run.py:488] Algo bfs step 74 current loss 0.141161, current_train_items 2400.
I0219 22:17:01.020907 23150276989056 run.py:488] Algo bfs step 75 current loss 0.021327, current_train_items 2432.
I0219 22:17:01.123214 23150276989056 run.py:488] Algo bfs step 76 current loss 0.052264, current_train_items 2464.
I0219 22:17:01.352726 23150276989056 run.py:488] Algo bfs step 77 current loss 0.079683, current_train_items 2496.
I0219 22:17:01.619096 23150276989056 run.py:488] Algo bfs step 78 current loss 0.135785, current_train_items 2528.
I0219 22:17:01.937052 23150276989056 run.py:488] Algo bfs step 79 current loss 0.157158, current_train_items 2560.
I0219 22:17:01.968870 23150276989056 run.py:488] Algo bfs step 80 current loss 0.006091, current_train_items 2592.
I0219 22:17:02.071656 23150276989056 run.py:488] Algo bfs step 81 current loss 0.038488, current_train_items 2624.
I0219 22:17:02.299768 23150276989056 run.py:488] Algo bfs step 82 current loss 0.053620, current_train_items 2656.
I0219 22:17:02.559542 23150276989056 run.py:488] Algo bfs step 83 current loss 0.098166, current_train_items 2688.
I0219 22:17:02.881443 23150276989056 run.py:488] Algo bfs step 84 current loss 0.132795, current_train_items 2720.
I0219 22:17:02.912121 23150276989056 run.py:488] Algo bfs step 85 current loss 0.011250, current_train_items 2752.
I0219 22:17:03.015015 23150276989056 run.py:488] Algo bfs step 86 current loss 0.019833, current_train_items 2784.
I0219 22:17:03.241547 23150276989056 run.py:488] Algo bfs step 87 current loss 0.260210, current_train_items 2816.
I0219 22:17:03.508791 23150276989056 run.py:488] Algo bfs step 88 current loss 0.109423, current_train_items 2848.
I0219 22:17:03.831107 23150276989056 run.py:488] Algo bfs step 89 current loss 0.136427, current_train_items 2880.
I0219 22:17:03.861485 23150276989056 run.py:488] Algo bfs step 90 current loss 0.018244, current_train_items 2912.
I0219 22:17:03.962692 23150276989056 run.py:488] Algo bfs step 91 current loss 0.045948, current_train_items 2944.
I0219 22:17:04.183652 23150276989056 run.py:488] Algo bfs step 92 current loss 0.338241, current_train_items 2976.
I0219 22:17:04.443943 23150276989056 run.py:488] Algo bfs step 93 current loss 0.109108, current_train_items 3008.
I0219 22:17:04.755715 23150276989056 run.py:488] Algo bfs step 94 current loss 0.488466, current_train_items 3040.
I0219 22:17:04.786558 23150276989056 run.py:488] Algo bfs step 95 current loss 0.008916, current_train_items 3072.
I0219 22:17:04.889095 23150276989056 run.py:488] Algo bfs step 96 current loss 0.030696, current_train_items 3104.
I0219 22:17:05.113965 23150276989056 run.py:488] Algo bfs step 97 current loss 0.084564, current_train_items 3136.
I0219 22:17:05.363698 23150276989056 run.py:488] Algo bfs step 98 current loss 0.116870, current_train_items 3168.
I0219 22:17:05.681155 23150276989056 run.py:488] Algo bfs step 99 current loss 0.106183, current_train_items 3200.
I0219 22:17:05.711365 23150276989056 run.py:488] Algo bfs step 100 current loss 0.006314, current_train_items 3232.
I0219 22:17:05.786073 23150276989056 run.py:508] (val) algo bfs step 100: {'pi': 0.98828125, 'score': 0.98828125, 'examples_seen': 3232, 'step': 100, 'algorithm': 'bfs'}
I0219 22:17:05.786217 23150276989056 run.py:524] Checkpointing best model, best avg val score was 0.980, current avg val score is 0.988, val scores are: bfs: 0.988
I0219 22:17:05.893321 23150276989056 run.py:488] Algo bfs step 101 current loss 0.030676, current_train_items 3264.
I0219 22:17:06.119036 23150276989056 run.py:488] Algo bfs step 102 current loss 0.054577, current_train_items 3296.
I0219 22:17:06.384975 23150276989056 run.py:488] Algo bfs step 103 current loss 0.106083, current_train_items 3328.
I0219 22:17:06.697893 23150276989056 run.py:488] Algo bfs step 104 current loss 0.113035, current_train_items 3360.
I0219 22:17:06.728305 23150276989056 run.py:488] Algo bfs step 105 current loss 0.007772, current_train_items 3392.
I0219 22:17:06.829921 23150276989056 run.py:488] Algo bfs step 106 current loss 0.025676, current_train_items 3424.
I0219 22:17:07.051358 23150276989056 run.py:488] Algo bfs step 107 current loss 0.111032, current_train_items 3456.
I0219 22:17:07.306698 23150276989056 run.py:488] Algo bfs step 108 current loss 0.087046, current_train_items 3488.
I0219 22:17:07.628778 23150276989056 run.py:488] Algo bfs step 109 current loss 0.125531, current_train_items 3520.
I0219 22:17:07.659681 23150276989056 run.py:488] Algo bfs step 110 current loss 0.006098, current_train_items 3552.
I0219 22:17:07.763078 23150276989056 run.py:488] Algo bfs step 111 current loss 0.043995, current_train_items 3584.
I0219 22:17:07.991537 23150276989056 run.py:488] Algo bfs step 112 current loss 0.102159, current_train_items 3616.
I0219 22:17:08.251667 23150276989056 run.py:488] Algo bfs step 113 current loss 0.094426, current_train_items 3648.
I0219 22:17:08.570771 23150276989056 run.py:488] Algo bfs step 114 current loss 0.104117, current_train_items 3680.
I0219 22:17:08.601234 23150276989056 run.py:488] Algo bfs step 115 current loss 0.016871, current_train_items 3712.
I0219 22:17:08.702676 23150276989056 run.py:488] Algo bfs step 116 current loss 0.032893, current_train_items 3744.
I0219 22:17:08.924963 23150276989056 run.py:488] Algo bfs step 117 current loss 0.103850, current_train_items 3776.
I0219 22:17:09.186602 23150276989056 run.py:488] Algo bfs step 118 current loss 0.073952, current_train_items 3808.
I0219 22:17:09.509579 23150276989056 run.py:488] Algo bfs step 119 current loss 0.090112, current_train_items 3840.
I0219 22:17:09.539982 23150276989056 run.py:488] Algo bfs step 120 current loss 0.004652, current_train_items 3872.
I0219 22:17:09.642537 23150276989056 run.py:488] Algo bfs step 121 current loss 0.026723, current_train_items 3904.
I0219 22:17:09.868846 23150276989056 run.py:488] Algo bfs step 122 current loss 0.062184, current_train_items 3936.
I0219 22:17:10.132707 23150276989056 run.py:488] Algo bfs step 123 current loss 0.085774, current_train_items 3968.
I0219 22:17:10.446730 23150276989056 run.py:488] Algo bfs step 124 current loss 0.083773, current_train_items 4000.
I0219 22:17:10.477827 23150276989056 run.py:488] Algo bfs step 125 current loss 0.003149, current_train_items 4032.
I0219 22:17:10.580352 23150276989056 run.py:488] Algo bfs step 126 current loss 0.023593, current_train_items 4064.
I0219 22:17:10.807664 23150276989056 run.py:488] Algo bfs step 127 current loss 0.052667, current_train_items 4096.
I0219 22:17:11.064999 23150276989056 run.py:488] Algo bfs step 128 current loss 0.070027, current_train_items 4128.
I0219 22:17:11.382577 23150276989056 run.py:488] Algo bfs step 129 current loss 0.078575, current_train_items 4160.
I0219 22:17:11.413127 23150276989056 run.py:488] Algo bfs step 130 current loss 0.003372, current_train_items 4192.
I0219 22:17:11.514996 23150276989056 run.py:488] Algo bfs step 131 current loss 0.029682, current_train_items 4224.
I0219 22:17:11.744507 23150276989056 run.py:488] Algo bfs step 132 current loss 0.035861, current_train_items 4256.
I0219 22:17:12.008462 23150276989056 run.py:488] Algo bfs step 133 current loss 0.120010, current_train_items 4288.
I0219 22:17:12.327940 23150276989056 run.py:488] Algo bfs step 134 current loss 0.117067, current_train_items 4320.
I0219 22:17:12.358609 23150276989056 run.py:488] Algo bfs step 135 current loss 0.004225, current_train_items 4352.
I0219 22:17:12.459887 23150276989056 run.py:488] Algo bfs step 136 current loss 0.008450, current_train_items 4384.
I0219 22:17:12.687938 23150276989056 run.py:488] Algo bfs step 137 current loss 0.048538, current_train_items 4416.
I0219 22:17:12.954686 23150276989056 run.py:488] Algo bfs step 138 current loss 0.099143, current_train_items 4448.
I0219 22:17:13.276136 23150276989056 run.py:488] Algo bfs step 139 current loss 0.088909, current_train_items 4480.
I0219 22:17:13.306432 23150276989056 run.py:488] Algo bfs step 140 current loss 0.002896, current_train_items 4512.
I0219 22:17:13.409514 23150276989056 run.py:488] Algo bfs step 141 current loss 0.025207, current_train_items 4544.
I0219 22:17:13.629235 23150276989056 run.py:488] Algo bfs step 142 current loss 0.081802, current_train_items 4576.
I0219 22:17:13.893095 23150276989056 run.py:488] Algo bfs step 143 current loss 0.045552, current_train_items 4608.
I0219 22:17:14.212457 23150276989056 run.py:488] Algo bfs step 144 current loss 0.091269, current_train_items 4640.
I0219 22:17:14.244107 23150276989056 run.py:488] Algo bfs step 145 current loss 0.002704, current_train_items 4672.
I0219 22:17:14.345927 23150276989056 run.py:488] Algo bfs step 146 current loss 0.018390, current_train_items 4704.
I0219 22:17:14.577886 23150276989056 run.py:488] Algo bfs step 147 current loss 0.066313, current_train_items 4736.
I0219 22:17:14.839883 23150276989056 run.py:488] Algo bfs step 148 current loss 0.082773, current_train_items 4768.
I0219 22:17:15.165216 23150276989056 run.py:488] Algo bfs step 149 current loss 0.092396, current_train_items 4800.
I0219 22:17:15.195586 23150276989056 run.py:488] Algo bfs step 150 current loss 0.001583, current_train_items 4832.
I0219 22:17:15.269505 23150276989056 run.py:508] (val) algo bfs step 150: {'pi': 0.990234375, 'score': 0.990234375, 'examples_seen': 4832, 'step': 150, 'algorithm': 'bfs'}
I0219 22:17:15.269646 23150276989056 run.py:524] Checkpointing best model, best avg val score was 0.988, current avg val score is 0.990, val scores are: bfs: 0.990
I0219 22:17:15.376054 23150276989056 run.py:488] Algo bfs step 151 current loss 0.039154, current_train_items 4864.
I0219 22:17:15.599431 23150276989056 run.py:488] Algo bfs step 152 current loss 0.058296, current_train_items 4896.
I0219 22:17:15.861995 23150276989056 run.py:488] Algo bfs step 153 current loss 0.134019, current_train_items 4928.
W0219 22:17:15.875903 23150276989056 samplers.py:155] Increasing hint lengh from 9 to 10
I0219 22:17:22.737765 23150276989056 run.py:488] Algo bfs step 154 current loss 0.169087, current_train_items 4960.
I0219 22:17:22.770727 23150276989056 run.py:488] Algo bfs step 155 current loss 0.004672, current_train_items 4992.
I0219 22:17:22.872499 23150276989056 run.py:488] Algo bfs step 156 current loss 0.015687, current_train_items 5024.
I0219 22:17:23.095488 23150276989056 run.py:488] Algo bfs step 157 current loss 0.062542, current_train_items 5056.
I0219 22:17:23.364559 23150276989056 run.py:488] Algo bfs step 158 current loss 0.070542, current_train_items 5088.
I0219 22:17:23.727643 23150276989056 run.py:488] Algo bfs step 159 current loss 0.066639, current_train_items 5120.
I0219 22:17:23.759082 23150276989056 run.py:488] Algo bfs step 160 current loss 0.009202, current_train_items 5152.
I0219 22:17:23.862236 23150276989056 run.py:488] Algo bfs step 161 current loss 0.013725, current_train_items 5184.
I0219 22:17:24.086088 23150276989056 run.py:488] Algo bfs step 162 current loss 0.061615, current_train_items 5216.
I0219 22:17:24.339670 23150276989056 run.py:488] Algo bfs step 163 current loss 0.068756, current_train_items 5248.
I0219 22:17:24.702089 23150276989056 run.py:488] Algo bfs step 164 current loss 0.091143, current_train_items 5280.
I0219 22:17:24.733001 23150276989056 run.py:488] Algo bfs step 165 current loss 0.012982, current_train_items 5312.
I0219 22:17:24.835289 23150276989056 run.py:488] Algo bfs step 166 current loss 0.013390, current_train_items 5344.
I0219 22:17:25.059336 23150276989056 run.py:488] Algo bfs step 167 current loss 0.054034, current_train_items 5376.
I0219 22:17:25.321567 23150276989056 run.py:488] Algo bfs step 168 current loss 0.046910, current_train_items 5408.
I0219 22:17:25.675306 23150276989056 run.py:488] Algo bfs step 169 current loss 0.065177, current_train_items 5440.
I0219 22:17:25.706249 23150276989056 run.py:488] Algo bfs step 170 current loss 0.011465, current_train_items 5472.
I0219 22:17:25.808161 23150276989056 run.py:488] Algo bfs step 171 current loss 0.020608, current_train_items 5504.
I0219 22:17:26.031331 23150276989056 run.py:488] Algo bfs step 172 current loss 0.035582, current_train_items 5536.
I0219 22:17:26.295360 23150276989056 run.py:488] Algo bfs step 173 current loss 0.039271, current_train_items 5568.
I0219 22:17:26.651244 23150276989056 run.py:488] Algo bfs step 174 current loss 0.067912, current_train_items 5600.
I0219 22:17:26.681948 23150276989056 run.py:488] Algo bfs step 175 current loss 0.002763, current_train_items 5632.
I0219 22:17:26.784929 23150276989056 run.py:488] Algo bfs step 176 current loss 0.022016, current_train_items 5664.
I0219 22:17:27.009775 23150276989056 run.py:488] Algo bfs step 177 current loss 0.020148, current_train_items 5696.
I0219 22:17:27.274251 23150276989056 run.py:488] Algo bfs step 178 current loss 0.048112, current_train_items 5728.
I0219 22:17:27.626548 23150276989056 run.py:488] Algo bfs step 179 current loss 0.047400, current_train_items 5760.
I0219 22:17:27.657712 23150276989056 run.py:488] Algo bfs step 180 current loss 0.005140, current_train_items 5792.
I0219 22:17:27.760280 23150276989056 run.py:488] Algo bfs step 181 current loss 0.023583, current_train_items 5824.
I0219 22:17:27.986597 23150276989056 run.py:488] Algo bfs step 182 current loss 0.027978, current_train_items 5856.
I0219 22:17:28.251085 23150276989056 run.py:488] Algo bfs step 183 current loss 0.045596, current_train_items 5888.
I0219 22:17:28.614856 23150276989056 run.py:488] Algo bfs step 184 current loss 0.055837, current_train_items 5920.
I0219 22:17:28.645619 23150276989056 run.py:488] Algo bfs step 185 current loss 0.001927, current_train_items 5952.
I0219 22:17:28.748647 23150276989056 run.py:488] Algo bfs step 186 current loss 0.010550, current_train_items 5984.
I0219 22:17:28.972329 23150276989056 run.py:488] Algo bfs step 187 current loss 0.029824, current_train_items 6016.
I0219 22:17:29.230403 23150276989056 run.py:488] Algo bfs step 188 current loss 0.031777, current_train_items 6048.
I0219 22:17:29.584001 23150276989056 run.py:488] Algo bfs step 189 current loss 0.047203, current_train_items 6080.
I0219 22:17:29.614603 23150276989056 run.py:488] Algo bfs step 190 current loss 0.005190, current_train_items 6112.
I0219 22:17:29.716384 23150276989056 run.py:488] Algo bfs step 191 current loss 0.020680, current_train_items 6144.
I0219 22:17:29.941481 23150276989056 run.py:488] Algo bfs step 192 current loss 0.016556, current_train_items 6176.
I0219 22:17:30.207874 23150276989056 run.py:488] Algo bfs step 193 current loss 0.048394, current_train_items 6208.
I0219 22:17:30.574817 23150276989056 run.py:488] Algo bfs step 194 current loss 0.050290, current_train_items 6240.
I0219 22:17:30.605964 23150276989056 run.py:488] Algo bfs step 195 current loss 0.028145, current_train_items 6272.
I0219 22:17:30.708944 23150276989056 run.py:488] Algo bfs step 196 current loss 0.019698, current_train_items 6304.
I0219 22:17:30.935930 23150276989056 run.py:488] Algo bfs step 197 current loss 0.018905, current_train_items 6336.
I0219 22:17:31.198686 23150276989056 run.py:488] Algo bfs step 198 current loss 0.041648, current_train_items 6368.
W0219 22:17:31.212902 23150276989056 samplers.py:155] Increasing hint lengh from 10 to 11
I0219 22:17:38.195380 23150276989056 run.py:488] Algo bfs step 199 current loss 0.181960, current_train_items 6400.
I0219 22:17:38.228869 23150276989056 run.py:488] Algo bfs step 200 current loss 0.001422, current_train_items 6432.
I0219 22:17:38.303722 23150276989056 run.py:508] (val) algo bfs step 200: {'pi': 0.9892578125, 'score': 0.9892578125, 'examples_seen': 6432, 'step': 200, 'algorithm': 'bfs'}
I0219 22:17:38.303881 23150276989056 run.py:527] Not saving new best model, best avg val score was 0.990, current avg val score is 0.989, val scores are: bfs: 0.989
I0219 22:17:38.406408 23150276989056 run.py:488] Algo bfs step 201 current loss 0.025163, current_train_items 6464.
I0219 22:17:38.629386 23150276989056 run.py:488] Algo bfs step 202 current loss 0.034994, current_train_items 6496.
I0219 22:17:38.893717 23150276989056 run.py:488] Algo bfs step 203 current loss 0.027795, current_train_items 6528.
I0219 22:17:39.289177 23150276989056 run.py:488] Algo bfs step 204 current loss 0.041220, current_train_items 6560.
I0219 22:17:39.320600 23150276989056 run.py:488] Algo bfs step 205 current loss 0.001135, current_train_items 6592.
I0219 22:17:39.423302 23150276989056 run.py:488] Algo bfs step 206 current loss 0.026476, current_train_items 6624.
I0219 22:17:39.652711 23150276989056 run.py:488] Algo bfs step 207 current loss 0.018225, current_train_items 6656.
I0219 22:17:39.912622 23150276989056 run.py:488] Algo bfs step 208 current loss 0.040142, current_train_items 6688.
I0219 22:17:40.306213 23150276989056 run.py:488] Algo bfs step 209 current loss 0.045081, current_train_items 6720.
I0219 22:17:40.337003 23150276989056 run.py:488] Algo bfs step 210 current loss 0.000854, current_train_items 6752.
I0219 22:17:40.439895 23150276989056 run.py:488] Algo bfs step 211 current loss 0.021182, current_train_items 6784.
I0219 22:17:40.668767 23150276989056 run.py:488] Algo bfs step 212 current loss 0.025663, current_train_items 6816.
I0219 22:17:40.934388 23150276989056 run.py:488] Algo bfs step 213 current loss 0.040329, current_train_items 6848.
I0219 22:17:41.322047 23150276989056 run.py:488] Algo bfs step 214 current loss 0.064412, current_train_items 6880.
I0219 22:17:41.353310 23150276989056 run.py:488] Algo bfs step 215 current loss 0.001421, current_train_items 6912.
I0219 22:17:41.456712 23150276989056 run.py:488] Algo bfs step 216 current loss 0.013868, current_train_items 6944.
I0219 22:17:41.683916 23150276989056 run.py:488] Algo bfs step 217 current loss 0.059038, current_train_items 6976.
I0219 22:17:41.944322 23150276989056 run.py:488] Algo bfs step 218 current loss 0.037221, current_train_items 7008.
I0219 22:17:42.329772 23150276989056 run.py:488] Algo bfs step 219 current loss 0.032725, current_train_items 7040.
I0219 22:17:42.360674 23150276989056 run.py:488] Algo bfs step 220 current loss 0.000975, current_train_items 7072.
I0219 22:17:42.463632 23150276989056 run.py:488] Algo bfs step 221 current loss 0.029037, current_train_items 7104.
I0219 22:17:42.690940 23150276989056 run.py:488] Algo bfs step 222 current loss 0.031029, current_train_items 7136.
I0219 22:17:42.959496 23150276989056 run.py:488] Algo bfs step 223 current loss 0.018460, current_train_items 7168.
I0219 22:17:43.354933 23150276989056 run.py:488] Algo bfs step 224 current loss 0.038498, current_train_items 7200.
I0219 22:17:43.385606 23150276989056 run.py:488] Algo bfs step 225 current loss 0.000972, current_train_items 7232.
I0219 22:17:43.487632 23150276989056 run.py:488] Algo bfs step 226 current loss 0.021960, current_train_items 7264.
I0219 22:17:43.711562 23150276989056 run.py:488] Algo bfs step 227 current loss 0.031301, current_train_items 7296.
I0219 22:17:43.964268 23150276989056 run.py:488] Algo bfs step 228 current loss 0.036252, current_train_items 7328.
I0219 22:17:44.363462 23150276989056 run.py:488] Algo bfs step 229 current loss 0.049380, current_train_items 7360.
I0219 22:17:44.394304 23150276989056 run.py:488] Algo bfs step 230 current loss 0.001403, current_train_items 7392.
I0219 22:17:44.496309 23150276989056 run.py:488] Algo bfs step 231 current loss 0.004520, current_train_items 7424.
I0219 22:17:44.720229 23150276989056 run.py:488] Algo bfs step 232 current loss 0.026284, current_train_items 7456.
I0219 22:17:44.980289 23150276989056 run.py:488] Algo bfs step 233 current loss 0.036883, current_train_items 7488.
I0219 22:17:45.372329 23150276989056 run.py:488] Algo bfs step 234 current loss 0.031069, current_train_items 7520.
I0219 22:17:45.402912 23150276989056 run.py:488] Algo bfs step 235 current loss 0.001166, current_train_items 7552.
I0219 22:17:45.505467 23150276989056 run.py:488] Algo bfs step 236 current loss 0.011541, current_train_items 7584.
I0219 22:17:45.733765 23150276989056 run.py:488] Algo bfs step 237 current loss 0.023360, current_train_items 7616.
I0219 22:17:45.993525 23150276989056 run.py:488] Algo bfs step 238 current loss 0.031365, current_train_items 7648.
I0219 22:17:46.388701 23150276989056 run.py:488] Algo bfs step 239 current loss 0.035678, current_train_items 7680.
I0219 22:17:46.420020 23150276989056 run.py:488] Algo bfs step 240 current loss 0.010677, current_train_items 7712.
I0219 22:17:46.522151 23150276989056 run.py:488] Algo bfs step 241 current loss 0.005581, current_train_items 7744.
I0219 22:17:46.743988 23150276989056 run.py:488] Algo bfs step 242 current loss 0.020672, current_train_items 7776.
I0219 22:17:46.999740 23150276989056 run.py:488] Algo bfs step 243 current loss 0.036320, current_train_items 7808.
I0219 22:17:47.397129 23150276989056 run.py:488] Algo bfs step 244 current loss 0.046567, current_train_items 7840.
I0219 22:17:47.428121 23150276989056 run.py:488] Algo bfs step 245 current loss 0.001605, current_train_items 7872.
I0219 22:17:47.532041 23150276989056 run.py:488] Algo bfs step 246 current loss 0.005251, current_train_items 7904.
I0219 22:17:47.752048 23150276989056 run.py:488] Algo bfs step 247 current loss 0.030361, current_train_items 7936.
I0219 22:17:48.015506 23150276989056 run.py:488] Algo bfs step 248 current loss 0.031688, current_train_items 7968.
I0219 22:17:48.408236 23150276989056 run.py:488] Algo bfs step 249 current loss 0.053309, current_train_items 8000.
I0219 22:17:48.439102 23150276989056 run.py:488] Algo bfs step 250 current loss 0.004527, current_train_items 8032.
I0219 22:17:48.513680 23150276989056 run.py:508] (val) algo bfs step 250: {'pi': 0.9931640625, 'score': 0.9931640625, 'examples_seen': 8032, 'step': 250, 'algorithm': 'bfs'}
I0219 22:17:48.513823 23150276989056 run.py:524] Checkpointing best model, best avg val score was 0.990, current avg val score is 0.993, val scores are: bfs: 0.993
I0219 22:17:48.619702 23150276989056 run.py:488] Algo bfs step 251 current loss 0.009805, current_train_items 8064.
I0219 22:17:48.848034 23150276989056 run.py:488] Algo bfs step 252 current loss 0.022982, current_train_items 8096.
I0219 22:17:49.111709 23150276989056 run.py:488] Algo bfs step 253 current loss 0.036333, current_train_items 8128.
I0219 22:17:49.503392 23150276989056 run.py:488] Algo bfs step 254 current loss 0.028105, current_train_items 8160.
I0219 22:17:49.534075 23150276989056 run.py:488] Algo bfs step 255 current loss 0.000711, current_train_items 8192.
I0219 22:17:49.637272 23150276989056 run.py:488] Algo bfs step 256 current loss 0.022147, current_train_items 8224.
I0219 22:17:49.862908 23150276989056 run.py:488] Algo bfs step 257 current loss 0.023879, current_train_items 8256.
I0219 22:17:50.123459 23150276989056 run.py:488] Algo bfs step 258 current loss 0.059504, current_train_items 8288.
I0219 22:17:50.520200 23150276989056 run.py:488] Algo bfs step 259 current loss 0.038408, current_train_items 8320.
I0219 22:17:50.551021 23150276989056 run.py:488] Algo bfs step 260 current loss 0.012908, current_train_items 8352.
I0219 22:17:50.654207 23150276989056 run.py:488] Algo bfs step 261 current loss 0.010681, current_train_items 8384.
I0219 22:17:50.876325 23150276989056 run.py:488] Algo bfs step 262 current loss 0.013738, current_train_items 8416.
I0219 22:17:51.144201 23150276989056 run.py:488] Algo bfs step 263 current loss 0.042924, current_train_items 8448.
I0219 22:17:51.548962 23150276989056 run.py:488] Algo bfs step 264 current loss 0.056352, current_train_items 8480.
I0219 22:17:51.579634 23150276989056 run.py:488] Algo bfs step 265 current loss 0.000700, current_train_items 8512.
I0219 22:17:51.681153 23150276989056 run.py:488] Algo bfs step 266 current loss 0.023078, current_train_items 8544.
I0219 22:17:51.907401 23150276989056 run.py:488] Algo bfs step 267 current loss 0.016323, current_train_items 8576.
I0219 22:17:52.172272 23150276989056 run.py:488] Algo bfs step 268 current loss 0.025789, current_train_items 8608.
I0219 22:17:52.567996 23150276989056 run.py:488] Algo bfs step 269 current loss 0.037800, current_train_items 8640.
I0219 22:17:52.598922 23150276989056 run.py:488] Algo bfs step 270 current loss 0.000646, current_train_items 8672.
I0219 22:17:52.701011 23150276989056 run.py:488] Algo bfs step 271 current loss 0.016334, current_train_items 8704.
I0219 22:17:52.930096 23150276989056 run.py:488] Algo bfs step 272 current loss 0.056734, current_train_items 8736.
I0219 22:17:53.189672 23150276989056 run.py:488] Algo bfs step 273 current loss 0.034719, current_train_items 8768.
I0219 22:17:53.591266 23150276989056 run.py:488] Algo bfs step 274 current loss 0.033185, current_train_items 8800.
I0219 22:17:53.622412 23150276989056 run.py:488] Algo bfs step 275 current loss 0.004144, current_train_items 8832.
I0219 22:17:53.724564 23150276989056 run.py:488] Algo bfs step 276 current loss 0.036642, current_train_items 8864.
I0219 22:17:53.953589 23150276989056 run.py:488] Algo bfs step 277 current loss 0.014863, current_train_items 8896.
I0219 22:17:54.209541 23150276989056 run.py:488] Algo bfs step 278 current loss 0.035302, current_train_items 8928.
I0219 22:17:54.599613 23150276989056 run.py:488] Algo bfs step 279 current loss 0.047972, current_train_items 8960.
I0219 22:17:54.630860 23150276989056 run.py:488] Algo bfs step 280 current loss 0.000822, current_train_items 8992.
I0219 22:17:54.734007 23150276989056 run.py:488] Algo bfs step 281 current loss 0.028896, current_train_items 9024.
I0219 22:17:54.967201 23150276989056 run.py:488] Algo bfs step 282 current loss 0.030519, current_train_items 9056.
I0219 22:17:55.233368 23150276989056 run.py:488] Algo bfs step 283 current loss 0.026463, current_train_items 9088.
I0219 22:17:55.634823 23150276989056 run.py:488] Algo bfs step 284 current loss 0.039773, current_train_items 9120.
I0219 22:17:55.665582 23150276989056 run.py:488] Algo bfs step 285 current loss 0.000838, current_train_items 9152.
I0219 22:17:55.768054 23150276989056 run.py:488] Algo bfs step 286 current loss 0.015883, current_train_items 9184.
I0219 22:17:55.995913 23150276989056 run.py:488] Algo bfs step 287 current loss 0.017543, current_train_items 9216.
I0219 22:17:56.252925 23150276989056 run.py:488] Algo bfs step 288 current loss 0.035623, current_train_items 9248.
I0219 22:17:56.641756 23150276989056 run.py:488] Algo bfs step 289 current loss 0.047221, current_train_items 9280.
I0219 22:17:56.673052 23150276989056 run.py:488] Algo bfs step 290 current loss 0.000504, current_train_items 9312.
I0219 22:17:56.776133 23150276989056 run.py:488] Algo bfs step 291 current loss 0.032310, current_train_items 9344.
I0219 22:17:57.001290 23150276989056 run.py:488] Algo bfs step 292 current loss 0.031052, current_train_items 9376.
I0219 22:17:57.268143 23150276989056 run.py:488] Algo bfs step 293 current loss 0.041566, current_train_items 9408.
I0219 22:17:57.660685 23150276989056 run.py:488] Algo bfs step 294 current loss 0.034714, current_train_items 9440.
I0219 22:17:57.692274 23150276989056 run.py:488] Algo bfs step 295 current loss 0.008325, current_train_items 9472.
I0219 22:17:57.794781 23150276989056 run.py:488] Algo bfs step 296 current loss 0.029911, current_train_items 9504.
I0219 22:17:58.020415 23150276989056 run.py:488] Algo bfs step 297 current loss 0.044392, current_train_items 9536.
I0219 22:17:58.289235 23150276989056 run.py:488] Algo bfs step 298 current loss 0.029694, current_train_items 9568.
I0219 22:17:58.682528 23150276989056 run.py:488] Algo bfs step 299 current loss 0.040052, current_train_items 9600.
I0219 22:17:58.712751 23150276989056 run.py:488] Algo bfs step 300 current loss 0.000549, current_train_items 9632.
I0219 22:17:58.787755 23150276989056 run.py:508] (val) algo bfs step 300: {'pi': 0.998046875, 'score': 0.998046875, 'examples_seen': 9632, 'step': 300, 'algorithm': 'bfs'}
I0219 22:17:58.787910 23150276989056 run.py:524] Checkpointing best model, best avg val score was 0.993, current avg val score is 0.998, val scores are: bfs: 0.998
I0219 22:17:58.893104 23150276989056 run.py:488] Algo bfs step 301 current loss 0.009263, current_train_items 9664.
I0219 22:17:59.112730 23150276989056 run.py:488] Algo bfs step 302 current loss 0.026706, current_train_items 9696.
I0219 22:17:59.370114 23150276989056 run.py:488] Algo bfs step 303 current loss 0.032937, current_train_items 9728.
I0219 22:17:59.765084 23150276989056 run.py:488] Algo bfs step 304 current loss 0.059213, current_train_items 9760.
I0219 22:17:59.796278 23150276989056 run.py:488] Algo bfs step 305 current loss 0.000659, current_train_items 9792.
I0219 22:17:59.898509 23150276989056 run.py:488] Algo bfs step 306 current loss 0.002067, current_train_items 9824.
I0219 22:18:00.119926 23150276989056 run.py:488] Algo bfs step 307 current loss 0.025272, current_train_items 9856.
I0219 22:18:00.380867 23150276989056 run.py:488] Algo bfs step 308 current loss 0.046555, current_train_items 9888.
I0219 22:18:00.775544 23150276989056 run.py:488] Algo bfs step 309 current loss 0.033102, current_train_items 9920.
I0219 22:18:00.805664 23150276989056 run.py:488] Algo bfs step 310 current loss 0.000618, current_train_items 9952.
I0219 22:18:00.908607 23150276989056 run.py:488] Algo bfs step 311 current loss 0.005045, current_train_items 9984.
I0219 22:18:01.130198 23150276989056 run.py:488] Algo bfs step 312 current loss 0.026456, current_train_items 10016.
I0219 22:18:01.393362 23150276989056 run.py:488] Algo bfs step 313 current loss 0.025734, current_train_items 10048.
I0219 22:18:01.786827 23150276989056 run.py:488] Algo bfs step 314 current loss 0.036150, current_train_items 10080.
I0219 22:18:01.818052 23150276989056 run.py:488] Algo bfs step 315 current loss 0.003142, current_train_items 10112.
I0219 22:18:01.920794 23150276989056 run.py:488] Algo bfs step 316 current loss 0.007468, current_train_items 10144.
I0219 22:18:02.145548 23150276989056 run.py:488] Algo bfs step 317 current loss 0.023434, current_train_items 10176.
I0219 22:18:02.411862 23150276989056 run.py:488] Algo bfs step 318 current loss 0.025567, current_train_items 10208.
I0219 22:18:02.804997 23150276989056 run.py:488] Algo bfs step 319 current loss 0.031034, current_train_items 10240.
I0219 22:18:02.835673 23150276989056 run.py:488] Algo bfs step 320 current loss 0.012517, current_train_items 10272.
I0219 22:18:02.937308 23150276989056 run.py:488] Algo bfs step 321 current loss 0.005038, current_train_items 10304.
I0219 22:18:03.160168 23150276989056 run.py:488] Algo bfs step 322 current loss 0.019257, current_train_items 10336.
I0219 22:18:03.425382 23150276989056 run.py:488] Algo bfs step 323 current loss 0.018738, current_train_items 10368.
I0219 22:18:03.818780 23150276989056 run.py:488] Algo bfs step 324 current loss 0.059597, current_train_items 10400.
I0219 22:18:03.850012 23150276989056 run.py:488] Algo bfs step 325 current loss 0.000865, current_train_items 10432.
I0219 22:18:03.952720 23150276989056 run.py:488] Algo bfs step 326 current loss 0.001544, current_train_items 10464.
I0219 22:18:04.175678 23150276989056 run.py:488] Algo bfs step 327 current loss 0.030000, current_train_items 10496.
I0219 22:18:04.436100 23150276989056 run.py:488] Algo bfs step 328 current loss 0.016508, current_train_items 10528.
I0219 22:18:04.822356 23150276989056 run.py:488] Algo bfs step 329 current loss 0.032406, current_train_items 10560.
I0219 22:18:04.853780 23150276989056 run.py:488] Algo bfs step 330 current loss 0.000701, current_train_items 10592.
I0219 22:18:04.955280 23150276989056 run.py:488] Algo bfs step 331 current loss 0.001936, current_train_items 10624.
I0219 22:18:05.180002 23150276989056 run.py:488] Algo bfs step 332 current loss 0.010857, current_train_items 10656.
I0219 22:18:05.439777 23150276989056 run.py:488] Algo bfs step 333 current loss 0.026435, current_train_items 10688.
I0219 22:18:05.822611 23150276989056 run.py:488] Algo bfs step 334 current loss 0.034431, current_train_items 10720.
I0219 22:18:05.853294 23150276989056 run.py:488] Algo bfs step 335 current loss 0.000567, current_train_items 10752.
I0219 22:18:05.955564 23150276989056 run.py:488] Algo bfs step 336 current loss 0.001489, current_train_items 10784.
I0219 22:18:06.176333 23150276989056 run.py:488] Algo bfs step 337 current loss 0.015187, current_train_items 10816.
I0219 22:18:06.440439 23150276989056 run.py:488] Algo bfs step 338 current loss 0.026749, current_train_items 10848.
I0219 22:18:06.832033 23150276989056 run.py:488] Algo bfs step 339 current loss 0.050970, current_train_items 10880.
I0219 22:18:06.862593 23150276989056 run.py:488] Algo bfs step 340 current loss 0.000800, current_train_items 10912.
I0219 22:18:06.964826 23150276989056 run.py:488] Algo bfs step 341 current loss 0.022683, current_train_items 10944.
I0219 22:18:07.191417 23150276989056 run.py:488] Algo bfs step 342 current loss 0.054995, current_train_items 10976.
I0219 22:18:07.454578 23150276989056 run.py:488] Algo bfs step 343 current loss 0.030887, current_train_items 11008.
I0219 22:18:07.843621 23150276989056 run.py:488] Algo bfs step 344 current loss 0.042376, current_train_items 11040.
I0219 22:18:07.875399 23150276989056 run.py:488] Algo bfs step 345 current loss 0.001043, current_train_items 11072.
I0219 22:18:07.978235 23150276989056 run.py:488] Algo bfs step 346 current loss 0.006820, current_train_items 11104.
I0219 22:18:08.203407 23150276989056 run.py:488] Algo bfs step 347 current loss 0.012093, current_train_items 11136.
I0219 22:18:08.455542 23150276989056 run.py:488] Algo bfs step 348 current loss 0.021569, current_train_items 11168.
I0219 22:18:08.846259 23150276989056 run.py:488] Algo bfs step 349 current loss 0.045169, current_train_items 11200.
I0219 22:18:08.877454 23150276989056 run.py:488] Algo bfs step 350 current loss 0.001114, current_train_items 11232.
I0219 22:18:08.950791 23150276989056 run.py:508] (val) algo bfs step 350: {'pi': 0.982421875, 'score': 0.982421875, 'examples_seen': 11232, 'step': 350, 'algorithm': 'bfs'}
I0219 22:18:08.950934 23150276989056 run.py:527] Not saving new best model, best avg val score was 0.998, current avg val score is 0.982, val scores are: bfs: 0.982
I0219 22:18:09.052879 23150276989056 run.py:488] Algo bfs step 351 current loss 0.022261, current_train_items 11264.
I0219 22:18:09.279169 23150276989056 run.py:488] Algo bfs step 352 current loss 0.030451, current_train_items 11296.
I0219 22:18:09.538445 23150276989056 run.py:488] Algo bfs step 353 current loss 0.057867, current_train_items 11328.
I0219 22:18:09.940955 23150276989056 run.py:488] Algo bfs step 354 current loss 0.025214, current_train_items 11360.
I0219 22:18:09.971409 23150276989056 run.py:488] Algo bfs step 355 current loss 0.002637, current_train_items 11392.
I0219 22:18:10.073933 23150276989056 run.py:488] Algo bfs step 356 current loss 0.001615, current_train_items 11424.
I0219 22:18:10.298932 23150276989056 run.py:488] Algo bfs step 357 current loss 0.021260, current_train_items 11456.
I0219 22:18:10.549466 23150276989056 run.py:488] Algo bfs step 358 current loss 0.038433, current_train_items 11488.
I0219 22:18:10.948119 23150276989056 run.py:488] Algo bfs step 359 current loss 0.041691, current_train_items 11520.
I0219 22:18:10.978894 23150276989056 run.py:488] Algo bfs step 360 current loss 0.001581, current_train_items 11552.
I0219 22:18:11.081797 23150276989056 run.py:488] Algo bfs step 361 current loss 0.014855, current_train_items 11584.
I0219 22:18:11.303910 23150276989056 run.py:488] Algo bfs step 362 current loss 0.017214, current_train_items 11616.
I0219 22:18:11.567720 23150276989056 run.py:488] Algo bfs step 363 current loss 0.038181, current_train_items 11648.
I0219 22:18:11.958090 23150276989056 run.py:488] Algo bfs step 364 current loss 0.057326, current_train_items 11680.
I0219 22:18:11.988226 23150276989056 run.py:488] Algo bfs step 365 current loss 0.000463, current_train_items 11712.
I0219 22:18:12.091228 23150276989056 run.py:488] Algo bfs step 366 current loss 0.019893, current_train_items 11744.
I0219 22:18:12.317739 23150276989056 run.py:488] Algo bfs step 367 current loss 0.019065, current_train_items 11776.
I0219 22:18:12.583698 23150276989056 run.py:488] Algo bfs step 368 current loss 0.035809, current_train_items 11808.
I0219 22:18:12.979090 23150276989056 run.py:488] Algo bfs step 369 current loss 0.027552, current_train_items 11840.
I0219 22:18:13.010148 23150276989056 run.py:488] Algo bfs step 370 current loss 0.000294, current_train_items 11872.
I0219 22:18:13.114607 23150276989056 run.py:488] Algo bfs step 371 current loss 0.002271, current_train_items 11904.
I0219 22:18:13.335418 23150276989056 run.py:488] Algo bfs step 372 current loss 0.028374, current_train_items 11936.
I0219 22:18:13.589255 23150276989056 run.py:488] Algo bfs step 373 current loss 0.014734, current_train_items 11968.
I0219 22:18:13.986759 23150276989056 run.py:488] Algo bfs step 374 current loss 0.026821, current_train_items 12000.
I0219 22:18:14.017428 23150276989056 run.py:488] Algo bfs step 375 current loss 0.000567, current_train_items 12032.
I0219 22:18:14.121595 23150276989056 run.py:488] Algo bfs step 376 current loss 0.014837, current_train_items 12064.
I0219 22:18:14.352300 23150276989056 run.py:488] Algo bfs step 377 current loss 0.048843, current_train_items 12096.
I0219 22:18:14.619378 23150276989056 run.py:488] Algo bfs step 378 current loss 0.014514, current_train_items 12128.
I0219 22:18:15.014697 23150276989056 run.py:488] Algo bfs step 379 current loss 0.018775, current_train_items 12160.
I0219 22:18:15.045257 23150276989056 run.py:488] Algo bfs step 380 current loss 0.000604, current_train_items 12192.
I0219 22:18:15.147407 23150276989056 run.py:488] Algo bfs step 381 current loss 0.010749, current_train_items 12224.
I0219 22:18:15.371086 23150276989056 run.py:488] Algo bfs step 382 current loss 0.016350, current_train_items 12256.
I0219 22:18:15.624811 23150276989056 run.py:488] Algo bfs step 383 current loss 0.031885, current_train_items 12288.
I0219 22:18:16.026977 23150276989056 run.py:488] Algo bfs step 384 current loss 0.017481, current_train_items 12320.
I0219 22:18:16.057335 23150276989056 run.py:488] Algo bfs step 385 current loss 0.000353, current_train_items 12352.
I0219 22:18:16.159524 23150276989056 run.py:488] Algo bfs step 386 current loss 0.001660, current_train_items 12384.
I0219 22:18:16.383491 23150276989056 run.py:488] Algo bfs step 387 current loss 0.021327, current_train_items 12416.
I0219 22:18:16.646220 23150276989056 run.py:488] Algo bfs step 388 current loss 0.022832, current_train_items 12448.
I0219 22:18:17.038179 23150276989056 run.py:488] Algo bfs step 389 current loss 0.024009, current_train_items 12480.
I0219 22:18:17.068883 23150276989056 run.py:488] Algo bfs step 390 current loss 0.000343, current_train_items 12512.
I0219 22:18:17.170383 23150276989056 run.py:488] Algo bfs step 391 current loss 0.003528, current_train_items 12544.
I0219 22:18:17.396093 23150276989056 run.py:488] Algo bfs step 392 current loss 0.021870, current_train_items 12576.
I0219 22:18:17.655877 23150276989056 run.py:488] Algo bfs step 393 current loss 0.017524, current_train_items 12608.
I0219 22:18:18.054311 23150276989056 run.py:488] Algo bfs step 394 current loss 0.040249, current_train_items 12640.
I0219 22:18:18.085330 23150276989056 run.py:488] Algo bfs step 395 current loss 0.001879, current_train_items 12672.
W0219 22:18:18.093701 23150276989056 samplers.py:155] Increasing hint lengh from 6 to 7
I0219 22:18:24.899405 23150276989056 run.py:488] Algo bfs step 396 current loss 0.006130, current_train_items 12704.
I0219 22:18:25.126163 23150276989056 run.py:488] Algo bfs step 397 current loss 0.019914, current_train_items 12736.
I0219 22:18:25.390770 23150276989056 run.py:488] Algo bfs step 398 current loss 0.026162, current_train_items 12768.
I0219 22:18:25.783231 23150276989056 run.py:488] Algo bfs step 399 current loss 0.028126, current_train_items 12800.
I0219 22:18:25.815678 23150276989056 run.py:488] Algo bfs step 400 current loss 0.000214, current_train_items 12832.
I0219 22:18:25.892315 23150276989056 run.py:508] (val) algo bfs step 400: {'pi': 0.998046875, 'score': 0.998046875, 'examples_seen': 12832, 'step': 400, 'algorithm': 'bfs'}
I0219 22:18:25.892497 23150276989056 run.py:527] Not saving new best model, best avg val score was 0.998, current avg val score is 0.998, val scores are: bfs: 0.998
I0219 22:18:26.013580 23150276989056 run.py:488] Algo bfs step 401 current loss 0.002252, current_train_items 12864.
I0219 22:18:26.246201 23150276989056 run.py:488] Algo bfs step 402 current loss 0.015892, current_train_items 12896.
I0219 22:18:26.506683 23150276989056 run.py:488] Algo bfs step 403 current loss 0.028008, current_train_items 12928.
I0219 22:18:26.900730 23150276989056 run.py:488] Algo bfs step 404 current loss 0.034622, current_train_items 12960.
I0219 22:18:26.931868 23150276989056 run.py:488] Algo bfs step 405 current loss 0.000308, current_train_items 12992.
I0219 22:18:27.052164 23150276989056 run.py:488] Algo bfs step 406 current loss 0.001330, current_train_items 13024.
I0219 22:18:27.275733 23150276989056 run.py:488] Algo bfs step 407 current loss 0.041198, current_train_items 13056.
I0219 22:18:27.532299 23150276989056 run.py:488] Algo bfs step 408 current loss 0.025260, current_train_items 13088.
I0219 22:18:27.923324 23150276989056 run.py:488] Algo bfs step 409 current loss 0.041103, current_train_items 13120.
I0219 22:18:27.953306 23150276989056 run.py:488] Algo bfs step 410 current loss 0.000371, current_train_items 13152.
I0219 22:18:28.072958 23150276989056 run.py:488] Algo bfs step 411 current loss 0.011340, current_train_items 13184.
I0219 22:18:28.295716 23150276989056 run.py:488] Algo bfs step 412 current loss 0.010193, current_train_items 13216.
I0219 22:18:28.556477 23150276989056 run.py:488] Algo bfs step 413 current loss 0.013585, current_train_items 13248.
I0219 22:18:28.945838 23150276989056 run.py:488] Algo bfs step 414 current loss 0.029554, current_train_items 13280.
I0219 22:18:28.975940 23150276989056 run.py:488] Algo bfs step 415 current loss 0.000492, current_train_items 13312.
I0219 22:18:29.096440 23150276989056 run.py:488] Algo bfs step 416 current loss 0.010910, current_train_items 13344.
I0219 22:18:29.318568 23150276989056 run.py:488] Algo bfs step 417 current loss 0.022876, current_train_items 13376.
I0219 22:18:29.582381 23150276989056 run.py:488] Algo bfs step 418 current loss 0.011901, current_train_items 13408.
I0219 22:18:29.978578 23150276989056 run.py:488] Algo bfs step 419 current loss 0.020471, current_train_items 13440.
I0219 22:18:30.008535 23150276989056 run.py:488] Algo bfs step 420 current loss 0.000565, current_train_items 13472.
I0219 22:18:30.127552 23150276989056 run.py:488] Algo bfs step 421 current loss 0.001781, current_train_items 13504.
I0219 22:18:30.357618 23150276989056 run.py:488] Algo bfs step 422 current loss 0.005851, current_train_items 13536.
I0219 22:18:30.626011 23150276989056 run.py:488] Algo bfs step 423 current loss 0.013059, current_train_items 13568.
I0219 22:18:31.028711 23150276989056 run.py:488] Algo bfs step 424 current loss 0.038430, current_train_items 13600.
I0219 22:18:31.058736 23150276989056 run.py:488] Algo bfs step 425 current loss 0.001633, current_train_items 13632.
I0219 22:18:31.177957 23150276989056 run.py:488] Algo bfs step 426 current loss 0.010493, current_train_items 13664.
I0219 22:18:31.402830 23150276989056 run.py:488] Algo bfs step 427 current loss 0.023368, current_train_items 13696.
I0219 22:18:31.660131 23150276989056 run.py:488] Algo bfs step 428 current loss 0.027297, current_train_items 13728.
I0219 22:18:32.057515 23150276989056 run.py:488] Algo bfs step 429 current loss 0.025866, current_train_items 13760.
I0219 22:18:32.087748 23150276989056 run.py:488] Algo bfs step 430 current loss 0.000407, current_train_items 13792.
I0219 22:18:32.207780 23150276989056 run.py:488] Algo bfs step 431 current loss 0.010273, current_train_items 13824.
I0219 22:18:32.433620 23150276989056 run.py:488] Algo bfs step 432 current loss 0.008934, current_train_items 13856.
I0219 22:18:32.693426 23150276989056 run.py:488] Algo bfs step 433 current loss 0.005851, current_train_items 13888.
I0219 22:18:33.081113 23150276989056 run.py:488] Algo bfs step 434 current loss 0.017299, current_train_items 13920.
I0219 22:18:33.111214 23150276989056 run.py:488] Algo bfs step 435 current loss 0.000257, current_train_items 13952.
I0219 22:18:33.231444 23150276989056 run.py:488] Algo bfs step 436 current loss 0.004357, current_train_items 13984.
I0219 22:18:33.458657 23150276989056 run.py:488] Algo bfs step 437 current loss 0.017439, current_train_items 14016.
I0219 22:18:33.710797 23150276989056 run.py:488] Algo bfs step 438 current loss 0.012276, current_train_items 14048.
I0219 22:18:34.106273 23150276989056 run.py:488] Algo bfs step 439 current loss 0.022084, current_train_items 14080.
I0219 22:18:34.136600 23150276989056 run.py:488] Algo bfs step 440 current loss 0.000378, current_train_items 14112.
I0219 22:18:34.255730 23150276989056 run.py:488] Algo bfs step 441 current loss 0.009359, current_train_items 14144.
I0219 22:18:34.485430 23150276989056 run.py:488] Algo bfs step 442 current loss 0.010752, current_train_items 14176.
I0219 22:18:34.746360 23150276989056 run.py:488] Algo bfs step 443 current loss 0.022711, current_train_items 14208.
I0219 22:18:35.133360 23150276989056 run.py:488] Algo bfs step 444 current loss 0.023654, current_train_items 14240.
I0219 22:18:35.164107 23150276989056 run.py:488] Algo bfs step 445 current loss 0.006051, current_train_items 14272.
I0219 22:18:35.283445 23150276989056 run.py:488] Algo bfs step 446 current loss 0.002958, current_train_items 14304.
I0219 22:18:35.504914 23150276989056 run.py:488] Algo bfs step 447 current loss 0.020536, current_train_items 14336.
I0219 22:18:35.766746 23150276989056 run.py:488] Algo bfs step 448 current loss 0.017912, current_train_items 14368.
I0219 22:18:36.153050 23150276989056 run.py:488] Algo bfs step 449 current loss 0.016311, current_train_items 14400.
I0219 22:18:36.182945 23150276989056 run.py:488] Algo bfs step 450 current loss 0.000348, current_train_items 14432.
I0219 22:18:36.252237 23150276989056 run.py:508] (val) algo bfs step 450: {'pi': 0.9931640625, 'score': 0.9931640625, 'examples_seen': 14432, 'step': 450, 'algorithm': 'bfs'}
I0219 22:18:36.252377 23150276989056 run.py:527] Not saving new best model, best avg val score was 0.998, current avg val score is 0.993, val scores are: bfs: 0.993
I0219 22:18:36.372545 23150276989056 run.py:488] Algo bfs step 451 current loss 0.013001, current_train_items 14464.
I0219 22:18:36.596176 23150276989056 run.py:488] Algo bfs step 452 current loss 0.022395, current_train_items 14496.
I0219 22:18:36.857996 23150276989056 run.py:488] Algo bfs step 453 current loss 0.014859, current_train_items 14528.
I0219 22:18:37.250927 23150276989056 run.py:488] Algo bfs step 454 current loss 0.045636, current_train_items 14560.
I0219 22:18:37.281031 23150276989056 run.py:488] Algo bfs step 455 current loss 0.004720, current_train_items 14592.
I0219 22:18:37.400723 23150276989056 run.py:488] Algo bfs step 456 current loss 0.010906, current_train_items 14624.
I0219 22:18:37.627038 23150276989056 run.py:488] Algo bfs step 457 current loss 0.017474, current_train_items 14656.
I0219 22:18:37.885832 23150276989056 run.py:488] Algo bfs step 458 current loss 0.028428, current_train_items 14688.
I0219 22:18:38.284980 23150276989056 run.py:488] Algo bfs step 459 current loss 0.032027, current_train_items 14720.
I0219 22:18:38.315024 23150276989056 run.py:488] Algo bfs step 460 current loss 0.000177, current_train_items 14752.
I0219 22:18:38.433440 23150276989056 run.py:488] Algo bfs step 461 current loss 0.026915, current_train_items 14784.
I0219 22:18:38.658835 23150276989056 run.py:488] Algo bfs step 462 current loss 0.007979, current_train_items 14816.
I0219 22:18:38.920476 23150276989056 run.py:488] Algo bfs step 463 current loss 0.030213, current_train_items 14848.
I0219 22:18:39.310744 23150276989056 run.py:488] Algo bfs step 464 current loss 0.021894, current_train_items 14880.
I0219 22:18:39.340549 23150276989056 run.py:488] Algo bfs step 465 current loss 0.000323, current_train_items 14912.
I0219 22:18:39.459521 23150276989056 run.py:488] Algo bfs step 466 current loss 0.007070, current_train_items 14944.
I0219 22:18:39.683246 23150276989056 run.py:488] Algo bfs step 467 current loss 0.030048, current_train_items 14976.
I0219 22:18:39.947842 23150276989056 run.py:488] Algo bfs step 468 current loss 0.023015, current_train_items 15008.
I0219 22:18:40.330612 23150276989056 run.py:488] Algo bfs step 469 current loss 0.015257, current_train_items 15040.
I0219 22:18:40.360805 23150276989056 run.py:488] Algo bfs step 470 current loss 0.001001, current_train_items 15072.
I0219 22:18:40.480318 23150276989056 run.py:488] Algo bfs step 471 current loss 0.008659, current_train_items 15104.
I0219 22:18:40.703389 23150276989056 run.py:488] Algo bfs step 472 current loss 0.009512, current_train_items 15136.
I0219 22:18:40.964990 23150276989056 run.py:488] Algo bfs step 473 current loss 0.015833, current_train_items 15168.
I0219 22:18:41.352223 23150276989056 run.py:488] Algo bfs step 474 current loss 0.030258, current_train_items 15200.
I0219 22:18:41.381878 23150276989056 run.py:488] Algo bfs step 475 current loss 0.000321, current_train_items 15232.
I0219 22:18:41.501377 23150276989056 run.py:488] Algo bfs step 476 current loss 0.025666, current_train_items 15264.
I0219 22:18:41.728666 23150276989056 run.py:488] Algo bfs step 477 current loss 0.033311, current_train_items 15296.
I0219 22:18:41.997761 23150276989056 run.py:488] Algo bfs step 478 current loss 0.031810, current_train_items 15328.
I0219 22:18:42.396766 23150276989056 run.py:488] Algo bfs step 479 current loss 0.026760, current_train_items 15360.
I0219 22:18:42.426742 23150276989056 run.py:488] Algo bfs step 480 current loss 0.000363, current_train_items 15392.
I0219 22:18:42.546165 23150276989056 run.py:488] Algo bfs step 481 current loss 0.000719, current_train_items 15424.
I0219 22:18:42.770030 23150276989056 run.py:488] Algo bfs step 482 current loss 0.016241, current_train_items 15456.
I0219 22:18:43.020677 23150276989056 run.py:488] Algo bfs step 483 current loss 0.039918, current_train_items 15488.
I0219 22:18:43.413065 23150276989056 run.py:488] Algo bfs step 484 current loss 0.033036, current_train_items 15520.
I0219 22:18:43.442798 23150276989056 run.py:488] Algo bfs step 485 current loss 0.000548, current_train_items 15552.
I0219 22:18:43.562125 23150276989056 run.py:488] Algo bfs step 486 current loss 0.001238, current_train_items 15584.
I0219 22:18:43.792456 23150276989056 run.py:488] Algo bfs step 487 current loss 0.004573, current_train_items 15616.
I0219 22:18:44.055090 23150276989056 run.py:488] Algo bfs step 488 current loss 0.016742, current_train_items 15648.
I0219 22:18:44.448727 23150276989056 run.py:488] Algo bfs step 489 current loss 0.013435, current_train_items 15680.
I0219 22:18:44.478692 23150276989056 run.py:488] Algo bfs step 490 current loss 0.000200, current_train_items 15712.
I0219 22:18:44.598062 23150276989056 run.py:488] Algo bfs step 491 current loss 0.006040, current_train_items 15744.
I0219 22:18:44.825150 23150276989056 run.py:488] Algo bfs step 492 current loss 0.022463, current_train_items 15776.
I0219 22:18:45.084888 23150276989056 run.py:488] Algo bfs step 493 current loss 0.014227, current_train_items 15808.
I0219 22:18:45.472446 23150276989056 run.py:488] Algo bfs step 494 current loss 0.038180, current_train_items 15840.
I0219 22:18:45.502367 23150276989056 run.py:488] Algo bfs step 495 current loss 0.000457, current_train_items 15872.
I0219 22:18:45.622057 23150276989056 run.py:488] Algo bfs step 496 current loss 0.001565, current_train_items 15904.
I0219 22:18:45.849564 23150276989056 run.py:488] Algo bfs step 497 current loss 0.014409, current_train_items 15936.
I0219 22:18:46.116017 23150276989056 run.py:488] Algo bfs step 498 current loss 0.025508, current_train_items 15968.
I0219 22:18:46.517497 23150276989056 run.py:488] Algo bfs step 499 current loss 0.022182, current_train_items 16000.
I0219 22:18:46.547484 23150276989056 run.py:488] Algo bfs step 500 current loss 0.000373, current_train_items 16032.
I0219 22:18:46.617987 23150276989056 run.py:508] (val) algo bfs step 500: {'pi': 0.9970703125, 'score': 0.9970703125, 'examples_seen': 16032, 'step': 500, 'algorithm': 'bfs'}
I0219 22:18:46.618125 23150276989056 run.py:527] Not saving new best model, best avg val score was 0.998, current avg val score is 0.997, val scores are: bfs: 0.997
I0219 22:18:46.737407 23150276989056 run.py:488] Algo bfs step 501 current loss 0.002019, current_train_items 16064.
I0219 22:18:46.963245 23150276989056 run.py:488] Algo bfs step 502 current loss 0.021082, current_train_items 16096.
I0219 22:18:47.230534 23150276989056 run.py:488] Algo bfs step 503 current loss 0.031864, current_train_items 16128.
I0219 22:18:47.630409 23150276989056 run.py:488] Algo bfs step 504 current loss 0.016369, current_train_items 16160.
I0219 22:18:47.660698 23150276989056 run.py:488] Algo bfs step 505 current loss 0.000319, current_train_items 16192.
I0219 22:18:47.780391 23150276989056 run.py:488] Algo bfs step 506 current loss 0.008991, current_train_items 16224.
I0219 22:18:48.009213 23150276989056 run.py:488] Algo bfs step 507 current loss 0.025011, current_train_items 16256.
I0219 22:18:48.269945 23150276989056 run.py:488] Algo bfs step 508 current loss 0.013790, current_train_items 16288.
I0219 22:18:48.658948 23150276989056 run.py:488] Algo bfs step 509 current loss 0.020140, current_train_items 16320.
I0219 22:18:48.689397 23150276989056 run.py:488] Algo bfs step 510 current loss 0.003286, current_train_items 16352.
I0219 22:18:48.809281 23150276989056 run.py:488] Algo bfs step 511 current loss 0.009034, current_train_items 16384.
I0219 22:18:49.039804 23150276989056 run.py:488] Algo bfs step 512 current loss 0.030020, current_train_items 16416.
I0219 22:18:49.297595 23150276989056 run.py:488] Algo bfs step 513 current loss 0.010182, current_train_items 16448.
I0219 22:18:49.689395 23150276989056 run.py:488] Algo bfs step 514 current loss 0.017438, current_train_items 16480.
I0219 22:18:49.720505 23150276989056 run.py:488] Algo bfs step 515 current loss 0.000271, current_train_items 16512.
I0219 22:18:49.839076 23150276989056 run.py:488] Algo bfs step 516 current loss 0.002514, current_train_items 16544.
I0219 22:18:50.067919 23150276989056 run.py:488] Algo bfs step 517 current loss 0.014406, current_train_items 16576.
I0219 22:18:50.328974 23150276989056 run.py:488] Algo bfs step 518 current loss 0.006714, current_train_items 16608.
I0219 22:18:50.718387 23150276989056 run.py:488] Algo bfs step 519 current loss 0.017348, current_train_items 16640.
I0219 22:18:50.748563 23150276989056 run.py:488] Algo bfs step 520 current loss 0.000192, current_train_items 16672.
I0219 22:18:50.868400 23150276989056 run.py:488] Algo bfs step 521 current loss 0.014024, current_train_items 16704.
I0219 22:18:51.099309 23150276989056 run.py:488] Algo bfs step 522 current loss 0.010139, current_train_items 16736.
I0219 22:18:51.363603 23150276989056 run.py:488] Algo bfs step 523 current loss 0.015685, current_train_items 16768.
I0219 22:18:51.755120 23150276989056 run.py:488] Algo bfs step 524 current loss 0.033081, current_train_items 16800.
I0219 22:18:51.785096 23150276989056 run.py:488] Algo bfs step 525 current loss 0.000323, current_train_items 16832.
I0219 22:18:51.905082 23150276989056 run.py:488] Algo bfs step 526 current loss 0.004933, current_train_items 16864.
I0219 22:18:52.126330 23150276989056 run.py:488] Algo bfs step 527 current loss 0.031511, current_train_items 16896.
I0219 22:18:52.383473 23150276989056 run.py:488] Algo bfs step 528 current loss 0.020656, current_train_items 16928.
I0219 22:18:52.773360 23150276989056 run.py:488] Algo bfs step 529 current loss 0.104951, current_train_items 16960.
I0219 22:18:52.804108 23150276989056 run.py:488] Algo bfs step 530 current loss 0.001470, current_train_items 16992.
I0219 22:18:52.923608 23150276989056 run.py:488] Algo bfs step 531 current loss 0.001974, current_train_items 17024.
I0219 22:18:53.148716 23150276989056 run.py:488] Algo bfs step 532 current loss 0.034988, current_train_items 17056.
I0219 22:18:53.412246 23150276989056 run.py:488] Algo bfs step 533 current loss 0.027616, current_train_items 17088.
I0219 22:18:53.812440 23150276989056 run.py:488] Algo bfs step 534 current loss 0.021878, current_train_items 17120.
I0219 22:18:53.843006 23150276989056 run.py:488] Algo bfs step 535 current loss 0.000329, current_train_items 17152.
I0219 22:18:53.961603 23150276989056 run.py:488] Algo bfs step 536 current loss 0.007086, current_train_items 17184.
I0219 22:18:54.175834 23150276989056 run.py:488] Algo bfs step 537 current loss 0.011062, current_train_items 17216.
I0219 22:18:54.431276 23150276989056 run.py:488] Algo bfs step 538 current loss 0.006583, current_train_items 17248.
I0219 22:18:54.818251 23150276989056 run.py:488] Algo bfs step 539 current loss 0.019007, current_train_items 17280.
I0219 22:18:54.848223 23150276989056 run.py:488] Algo bfs step 540 current loss 0.000278, current_train_items 17312.
I0219 22:18:54.967051 23150276989056 run.py:488] Algo bfs step 541 current loss 0.003005, current_train_items 17344.
I0219 22:18:55.196385 23150276989056 run.py:488] Algo bfs step 542 current loss 0.008633, current_train_items 17376.
I0219 22:18:55.460251 23150276989056 run.py:488] Algo bfs step 543 current loss 0.017612, current_train_items 17408.
I0219 22:18:55.854672 23150276989056 run.py:488] Algo bfs step 544 current loss 0.019538, current_train_items 17440.
I0219 22:18:55.885374 23150276989056 run.py:488] Algo bfs step 545 current loss 0.000227, current_train_items 17472.
I0219 22:18:56.004971 23150276989056 run.py:488] Algo bfs step 546 current loss 0.018492, current_train_items 17504.
I0219 22:18:56.234618 23150276989056 run.py:488] Algo bfs step 547 current loss 0.012768, current_train_items 17536.
I0219 22:18:56.493411 23150276989056 run.py:488] Algo bfs step 548 current loss 0.018116, current_train_items 17568.
I0219 22:18:56.890106 23150276989056 run.py:488] Algo bfs step 549 current loss 0.029798, current_train_items 17600.
I0219 22:18:56.920224 23150276989056 run.py:488] Algo bfs step 550 current loss 0.006105, current_train_items 17632.
I0219 22:18:56.990166 23150276989056 run.py:508] (val) algo bfs step 550: {'pi': 0.9951171875, 'score': 0.9951171875, 'examples_seen': 17632, 'step': 550, 'algorithm': 'bfs'}
I0219 22:18:56.990307 23150276989056 run.py:527] Not saving new best model, best avg val score was 0.998, current avg val score is 0.995, val scores are: bfs: 0.995
I0219 22:18:57.110205 23150276989056 run.py:488] Algo bfs step 551 current loss 0.005510, current_train_items 17664.
I0219 22:18:57.330565 23150276989056 run.py:488] Algo bfs step 552 current loss 0.009136, current_train_items 17696.
I0219 22:18:57.593039 23150276989056 run.py:488] Algo bfs step 553 current loss 0.013993, current_train_items 17728.
I0219 22:18:57.975800 23150276989056 run.py:488] Algo bfs step 554 current loss 0.018942, current_train_items 17760.
I0219 22:18:58.005976 23150276989056 run.py:488] Algo bfs step 555 current loss 0.000231, current_train_items 17792.
I0219 22:18:58.123250 23150276989056 run.py:488] Algo bfs step 556 current loss 0.009703, current_train_items 17824.
I0219 22:18:58.348948 23150276989056 run.py:488] Algo bfs step 557 current loss 0.008176, current_train_items 17856.
I0219 22:18:58.604923 23150276989056 run.py:488] Algo bfs step 558 current loss 0.014263, current_train_items 17888.
I0219 22:18:58.994177 23150276989056 run.py:488] Algo bfs step 559 current loss 0.026599, current_train_items 17920.
I0219 22:18:59.024136 23150276989056 run.py:488] Algo bfs step 560 current loss 0.000831, current_train_items 17952.
I0219 22:18:59.143391 23150276989056 run.py:488] Algo bfs step 561 current loss 0.007807, current_train_items 17984.
I0219 22:18:59.369010 23150276989056 run.py:488] Algo bfs step 562 current loss 0.015975, current_train_items 18016.
I0219 22:18:59.626905 23150276989056 run.py:488] Algo bfs step 563 current loss 0.015110, current_train_items 18048.
I0219 22:19:00.020334 23150276989056 run.py:488] Algo bfs step 564 current loss 0.016141, current_train_items 18080.
I0219 22:19:00.050414 23150276989056 run.py:488] Algo bfs step 565 current loss 0.000185, current_train_items 18112.
I0219 22:19:00.170784 23150276989056 run.py:488] Algo bfs step 566 current loss 0.007043, current_train_items 18144.
slurmstepd: error: *** JOB 45000137 ON gpu-q-1 CANCELLED AT 2024-02-19T22:19:00 ***
